[debug] [2024-09-18T15:03:29.702Z] ----------------------------------------------------------------------
[debug] [2024-09-18T15:03:29.705Z] Command:       C:\Program Files\nodejs\node.exe C:\Users\isaac\AppData\Roaming\npm\node_modules\firebase-tools\lib\bin\firebase.js init
[debug] [2024-09-18T15:03:29.705Z] CLI Version:   13.17.0
[debug] [2024-09-18T15:03:29.705Z] Platform:      win32
[debug] [2024-09-18T15:03:29.705Z] Node Version:  v20.17.0
[debug] [2024-09-18T15:03:29.706Z] Time:          Wed Sep 18 2024 10:03:29 GMT-0500 (Central Daylight Time)
[debug] [2024-09-18T15:03:29.706Z] ----------------------------------------------------------------------
[debug] 
[debug] [2024-09-18T15:03:29.711Z] > command requires scopes: ["email","openid","https://www.googleapis.com/auth/cloudplatformprojects.readonly","https://www.googleapis.com/auth/firebase","https://www.googleapis.com/auth/cloud-platform"]
[debug] [2024-09-18T15:03:29.712Z] > authorizing via signed-in user (isaac.ciravolo@gmail.com)
[info] 
     ######## #### ########  ######## ########     ###     ######  ########
     ##        ##  ##     ## ##       ##     ##  ##   ##  ##       ##
     ######    ##  ########  ######   ########  #########  ######  ######
     ##        ##  ##    ##  ##       ##     ## ##     ##       ## ##
     ##       #### ##     ## ######## ########  ##     ##  ######  ########

You're about to initialize a Firebase project in this directory:

  C:\Users\isaac\Downloads\CodingProjects\DataSets\golf-tracking-website

[info] 
=== Project Setup
[info] 
[info] First, let's associate this project directory with a Firebase project.
[info] You can create multiple project aliases by running firebase use --add, 
[info] but for now we'll just set up a default project.
[info] 
